$(now): GET /
$(now): GET /
$(now): GET /
$(now): GET /
$(now): GET /
$(now): GET /about
$(now): GET /
$(now): GET /about
$(now): GET /abouteeee
$(now): GET /about
$(now): GET /about
$(now): GET /
$(now): GET /about
$(now): GET /about
$(now): GET /
$(now): GET /
$(now): GET /
$(now): GET /about
$(now): GET /
$(now): GET /about
$(now): GET /
$(now): GET /about
$(now): GET /
$(now): GET /about
$(now): GET /about
$(now): GET /aboutee
$(now): GET /about
$(now): GET /about
$(now): GET /about
$(now): GET /about
$(now): GET /about
$(now): GET /about
$(now): GET /about
$(now): GET /about
$(now): GET /about
$(now): GET /about
$(now): GET /about
$(now): GET /about
$(now): GET /
$(now): GET /about
$(now): GET /
$(now): GET /about
$(now): GET /
$(now): GET /favicon.ico
$(now): GET /about
$(now): GET /
$(now): GET /about
$(now): GET /
$(now): GET /
$(now): GET /
$(now): GET /
$(now): GET /
$(now): GET /
$(now): GET /
$(now): GET /
$(now): GET /
$(now): GET /
$(now): GET /
$(now): GET /
$(now): GET /
$(now): GET /
$(now): GET /
$(now): GET /
$(now): GET /
$(now): GET /
$(now): GET /
$(now): GET /
$(now): GET /
$(now): GET /about
$(now): GET /about
$(now): GET /about
$(now): GET /
$(now): GET /
$(now): GET /
$(now): GET /
$(now): GET /
$(now): GET /
$(now): GET /projects
$(now): GET /
$(now): GET /
$(now): GET /
$(now): GET /
$(now): GET /
$(now): GET /
$(now): GET /
$(now): GET /projects
$(now): GET /about
$(now): GET /
$(now): GET /projects
$(now): GET /projects
$(now): GET /about
$(now): GET /
$(now): GET /about
$(now): GET /projects
$(now): GET /about
$(now): GET /
$(now): GET /
$(now): GET /
$(now): GET /about
$(now): GET /projects
$(now): GET /about
$(now): GET /
$(now): GET /about
$(now): GET /projects
